<?xml version="1.0" encoding="UTF-8"?>
<!-- Generated by org.testng.reporters.JUnitReportReporter -->
<testsuite hostname="DESKTOP-28161K9" failures="0" tests="1" name="dropdown.Test.launchWebTest" time="14.708" errors="0" timestamp="2023-03-24T23:56:33 IST" skipped="0">
  <testcase classname="dropdown.Test.launchWebTest" name="launchWeb" time="14.708"/>
  <system-out/>
</testsuite> <!-- dropdown.Test.launchWebTest -->
