<?xml version="1.0" encoding="UTF-8"?>
<!-- Generated by org.testng.reporters.JUnitReportReporter -->
<testsuite hostname="DESKTOP-28161K9" failures="0" tests="1" name="dropdown.Test.launchWebTest" time="16.476" errors="0" timestamp="2023-03-28T23:01:13 IST" skipped="0">
  <testcase classname="dropdown.Test.launchWebTest" name="launchWeb" time="16.476"/>
  <system-out/>
</testsuite> <!-- dropdown.Test.launchWebTest -->
