<?xml version="1.0" encoding="UTF-8"?>
<!-- Generated by org.testng.reporters.JUnitReportReporter -->
<testsuite hostname="DESKTOP-28161K9" failures="0" tests="1" name="dropdown.Test.SelectDopdownTest" time="1.015" errors="0" timestamp="2023-03-24T23:56:33 IST" skipped="0">
  <testcase classname="dropdown.Test.SelectDopdownTest" name="selectDrop" time="1.015"/>
  <system-out/>
</testsuite> <!-- dropdown.Test.SelectDopdownTest -->
