<?xml version="1.0" encoding="UTF-8"?>
<!-- Generated by org.testng.reporters.JUnitReportReporter -->
<testsuite hostname="DESKTOP-28161K9" failures="0" tests="1" name="dropdown.Test.SelectDopdownTest" time="6.757" errors="0" timestamp="2023-03-28T23:01:13 IST" skipped="0">
  <testcase classname="dropdown.Test.SelectDopdownTest" name="selectDrop" time="6.757"/>
  <system-out/>
</testsuite> <!-- dropdown.Test.SelectDopdownTest -->
