<?xml version="1.0" encoding="UTF-8"?>
<!-- Generated by org.testng.reporters.JUnitReportReporter -->
<testsuite hostname="DESKTOP-28161K9" failures="0" tests="1" name="dropdown.Test.alertTest" time="27.046" errors="0" timestamp="2023-03-28T23:55:16 IST" skipped="0">
  <testcase classname="dropdown.Test.alertTest" name="alertCheck" time="27.046"/>
  <system-out/>
</testsuite> <!-- dropdown.Test.alertTest -->
