<?xml version="1.0" encoding="UTF-8"?>
<!-- Generated by org.testng.reporters.JUnitReportReporter -->
<testsuite hostname="DESKTOP-28161K9" failures="0" tests="1" name="dropdown.Test.SelectDopdownTest" time="0.965" errors="0" timestamp="2023-03-24T00:06:38 IST" skipped="0">
  <testcase classname="dropdown.Test.SelectDopdownTest" name="selectDrop" time="0.965"/>
  <system-out/>
</testsuite> <!-- dropdown.Test.SelectDopdownTest -->
